<?xml version="1.0" encoding="UTF-8"?>
<robot generator="Robot 4.1 (Python 3.9.5 on win32)" generated="20210907 16:44:47.439" rpa="false" schemaversion="2">
<suite id="s1" name="Tests" source="C:\Users\navya\Documents\RoboFramework\Tests">
<suite id="s1-s1" name="Testcase" source="C:\Users\navya\Documents\RoboFramework\Tests\testcase.robot">
<test id="s1-s1-t1" name="Google Index">
<kw name="Go to Google">
<kw name="Open Browser" library="Selenium2Library">
<arg>${url}</arg>
<arg>${browser}</arg>
<doc>Opens a new browser instance to the optional ``url``.</doc>
<msg timestamp="20210907 16:44:48.342" level="INFO">Opening browser 'chrome' to base url 'https://www.flipkart.com/'.</msg>
<status status="PASS" starttime="20210907 16:44:48.342" endtime="20210907 16:44:55.763"/>
</kw>
<kw name="Input Text" library="Selenium2Library">
<arg>xpath:/html/body/div[2]/div/div/div/div/div[2]/div/form/div[1]/input</arg>
<arg>6362602125</arg>
<doc>Types the given ``text`` into the text field identified by ``locator``.</doc>
<msg timestamp="20210907 16:44:55.763" level="INFO">Typing text '6362602125' into text field 'xpath:/html/body/div[2]/div/div/div/div/div[2]/div/form/div[1]/input'.</msg>
<status status="PASS" starttime="20210907 16:44:55.763" endtime="20210907 16:44:56.084"/>
</kw>
<kw name="Input Password" library="Selenium2Library">
<arg>xpath:/html/body/div[2]/div/div/div/div/div[2]/div/form/div[2]/input</arg>
<arg>navya@21!</arg>
<doc>Types the given password into the text field identified by ``locator``.</doc>
<msg timestamp="20210907 16:44:56.092" level="INFO">Typing password into text field 'xpath:/html/body/div[2]/div/div/div/div/div[2]/div/form/div[2]/input'.</msg>
<msg timestamp="20210907 16:44:56.157" level="INFO">Temporally setting log level to: NONE</msg>
<msg timestamp="20210907 16:44:56.240" level="INFO">Log level changed from NONE to INFO.</msg>
<status status="PASS" starttime="20210907 16:44:56.092" endtime="20210907 16:44:56.240"/>
</kw>
<kw name="Click Button" library="Selenium2Library">
<arg>xpath:/html/body/div[2]/div/div/div/div/div[2]/div/form/div[4]/button</arg>
<doc>Clicks the button identified by ``locator``.</doc>
<msg timestamp="20210907 16:44:56.240" level="INFO">Clicking button 'xpath:/html/body/div[2]/div/div/div/div/div[2]/div/form/div[4]/button'.</msg>
<status status="PASS" starttime="20210907 16:44:56.240" endtime="20210907 16:44:56.360"/>
</kw>
<kw name="Click Image" library="Selenium2Library">
<arg>xpath://*[@id="container"]/div/div[2]/div/div/div[5]/a/div[1]/div/img</arg>
<doc>Clicks an image identified by ``locator``.</doc>
<msg timestamp="20210907 16:44:56.360" level="INFO">Clicking image 'xpath://*[@id="container"]/div/div[2]/div/div/div[5]/a/div[1]/div/img'.</msg>
<status status="PASS" starttime="20210907 16:44:56.360" endtime="20210907 16:45:00.069"/>
</kw>
<kw name="Mouse Over" library="Selenium2Library">
<arg>xpath://*[@id="container"]/div/div[2]/div/div/div[5]/a/div[1]/div/img</arg>
<doc>Simulates hovering the mouse over the element ``locator``.</doc>
<msg timestamp="20210907 16:45:00.069" level="INFO">Simulating Mouse Over on element 'xpath://*[@id="container"]/div/div[2]/div/div/div[5]/a/div[1]/div/img'.</msg>
<status status="PASS" starttime="20210907 16:45:00.069" endtime="20210907 16:45:00.392"/>
</kw>
<kw name="Input Text" library="Selenium2Library">
<arg>xpath://div/input[@type='text']</arg>
<arg>APPLE iPhone</arg>
<doc>Types the given ``text`` into the text field identified by ``locator``.</doc>
<msg timestamp="20210907 16:45:00.400" level="INFO">Typing text 'APPLE iPhone' into text field 'xpath://div/input[@type='text']'.</msg>
<status status="PASS" starttime="20210907 16:45:00.392" endtime="20210907 16:45:00.717"/>
</kw>
<kw name="Click Element" library="Selenium2Library">
<arg>xpath://button[@type='submit']</arg>
<doc>Click the element identified by ``locator``.</doc>
<msg timestamp="20210907 16:45:00.717" level="INFO">Clicking element 'xpath://button[@type='submit']'.</msg>
<status status="PASS" starttime="20210907 16:45:00.717" endtime="20210907 16:45:00.793"/>
</kw>
<kw name="Wait Until Page Contains Element" library="Selenium2Library">
<arg>${select_product}</arg>
<arg>timeout=20s</arg>
<doc>Waits until the element ``locator`` appears on the current page.</doc>
<status status="PASS" starttime="20210907 16:45:00.793" endtime="20210907 16:45:02.235"/>
</kw>
<kw name="Click Element" library="Selenium2Library">
<arg>${select_product}</arg>
<doc>Click the element identified by ``locator``.</doc>
<msg timestamp="20210907 16:45:02.235" level="INFO">Clicking element 'xpath://*[@id="container"]/div/div[3]/div[1]/div[2]/div[2]/div/div/div/a/div[2]/div[1]/div[1]'.</msg>
<status status="PASS" starttime="20210907 16:45:02.235" endtime="20210907 16:45:02.410"/>
</kw>
<kw name="Switch Window" library="Selenium2Library">
<arg>${handle}</arg>
<doc>Switches to browser window matching ``locator``.</doc>
<status status="PASS" starttime="20210907 16:45:02.418" endtime="20210907 16:45:02.442"/>
</kw>
<kw name="Click Element" library="Selenium2Library">
<arg>xpath://*[@id="container"]/div/div[3]/div[1]/div[1]/div[2]/div/ul/li[1]/button</arg>
<doc>Click the element identified by ``locator``.</doc>
<msg timestamp="20210907 16:45:02.442" level="INFO">Clicking element 'xpath://*[@id="container"]/div/div[3]/div[1]/div[1]/div[2]/div/ul/li[1]/button'.</msg>
<status status="PASS" starttime="20210907 16:45:02.442" endtime="20210907 16:45:05.442"/>
</kw>
<kw name="Switch Window" library="Selenium2Library">
<arg>${first}</arg>
<doc>Switches to browser window matching ``locator``.</doc>
<status status="PASS" starttime="20210907 16:45:05.442" endtime="20210907 16:45:05.482"/>
</kw>
<kw name="Wait Until Page Contains Element" library="Selenium2Library">
<arg>${select_prod}</arg>
<arg>timeout=20s</arg>
<doc>Waits until the element ``locator`` appears on the current page.</doc>
<status status="PASS" starttime="20210907 16:45:05.482" endtime="20210907 16:45:05.514"/>
</kw>
<kw name="Click Element" library="Selenium2Library">
<arg>xpath://*[@id="container"]/div/div[1]/div[1]/div[2]/div[5]/div/div/a</arg>
<doc>Click the element identified by ``locator``.</doc>
<msg timestamp="20210907 16:45:05.522" level="INFO">Clicking element 'xpath://*[@id="container"]/div/div[1]/div[1]/div[2]/div[5]/div/div/a'.</msg>
<status status="PASS" starttime="20210907 16:45:05.514" endtime="20210907 16:45:05.593"/>
</kw>
<status status="PASS" starttime="20210907 16:44:48.342" endtime="20210907 16:45:05.593"/>
</kw>
<status status="PASS" starttime="20210907 16:44:48.333" endtime="20210907 16:45:05.593"/>
</test>
<status status="PASS" starttime="20210907 16:44:47.583" endtime="20210907 16:45:05.601"/>
</suite>
<status status="PASS" starttime="20210907 16:44:47.455" endtime="20210907 16:45:05.601"/>
</suite>
<statistics>
<total>
<stat pass="1" fail="0" skip="0">All Tests</stat>
</total>
<tag>
</tag>
<suite>
<stat pass="1" fail="0" skip="0" id="s1" name="Tests">Tests</stat>
<stat pass="1" fail="0" skip="0" id="s1-s1" name="Testcase">Tests.Testcase</stat>
</suite>
</statistics>
<errors>
</errors>
</robot>
